#! /c/Source/iverilog-install/bin/vvp
:ivl_version "12.0 (devel)" "(s20150603-1110-g18392a46)";
:ivl_delay_selection "TYPICAL";
:vpi_time_precision - 12;
:vpi_module "C:\iverilog\lib\ivl\system.vpi";
:vpi_module "C:\iverilog\lib\ivl\vhdl_sys.vpi";
:vpi_module "C:\iverilog\lib\ivl\vhdl_textio.vpi";
:vpi_module "C:\iverilog\lib\ivl\v2005_math.vpi";
:vpi_module "C:\iverilog\lib\ivl\va_math.vpi";
S_0000022ec7876010 .scope module, "tb_counter" "tb_counter" 2 4;
 .timescale -9 -12;
v0000022ec7842e90_0 .var "clk", 0 0;
v0000022ec782bbf0_0 .net "count", 3 0, v0000022ec7843140_0;  1 drivers
v0000022ec782bc90_0 .var "reset", 0 0;
S_0000022ec78761a0 .scope module, "uut" "counter" 2 10, 3 2 0, S_0000022ec7876010;
 .timescale 0 0;
    .port_info 0 /INPUT 1 "clk";
    .port_info 1 /INPUT 1 "reset";
    .port_info 2 /OUTPUT 4 "count";
v0000022ec7876330_0 .net "clk", 0 0, v0000022ec7842e90_0;  1 drivers
v0000022ec7843140_0 .var "count", 3 0;
v0000022ec7843360_0 .net "reset", 0 0, v0000022ec782bc90_0;  1 drivers
E_0000022ec782be10 .event posedge, v0000022ec7843360_0, v0000022ec7876330_0;
    .scope S_0000022ec78761a0;
T_0 ;
    %wait E_0000022ec782be10;
    %load/vec4 v0000022ec7843360_0;
    %flag_set/vec4 8;
    %jmp/0xz  T_0.0, 8;
    %pushi/vec4 0, 0, 4;
    %assign/vec4 v0000022ec7843140_0, 0;
    %jmp T_0.1;
T_0.0 ;
    %load/vec4 v0000022ec7843140_0;
    %addi 1, 0, 4;
    %assign/vec4 v0000022ec7843140_0, 0;
T_0.1 ;
    %jmp T_0;
    .thread T_0;
    .scope S_0000022ec7876010;
T_1 ;
    %pushi/vec4 0, 0, 1;
    %store/vec4 v0000022ec7842e90_0, 0, 1;
    %end;
    .thread T_1;
    .scope S_0000022ec7876010;
T_2 ;
    %delay 5000, 0;
    %load/vec4 v0000022ec7842e90_0;
    %inv;
    %store/vec4 v0000022ec7842e90_0, 0, 1;
    %jmp T_2;
    .thread T_2;
    .scope S_0000022ec7876010;
T_3 ;
    %vpi_call 2 22 "$dumpfile", "counter.vcd" {0 0 0};
    %vpi_call 2 23 "$dumpvars", 32'sb00000000000000000000000000000000, S_0000022ec7876010 {0 0 0};
    %pushi/vec4 1, 0, 1;
    %store/vec4 v0000022ec782bc90_0, 0, 1;
    %delay 10000, 0;
    %pushi/vec4 0, 0, 1;
    %store/vec4 v0000022ec782bc90_0, 0, 1;
    %delay 100000, 0;
    %vpi_call 2 29 "$finish" {0 0 0};
    %end;
    .thread T_3;
# The file index is used to find the file name in the following table.
:file_names 4;
    "N/A";
    "<interactive>";
    "tb_4_counter.v";
    "4_counter.v";
